<?xml version="1.0" encoding="UTF-8"?>
<testng-results ignored="0" total="2" passed="2" failed="0" skipped="0">
  <reporter-output>
    <line>
      <![CDATA[inside 1***********]]>
    </line>
    <line>
      <![CDATA[inside 2***********]]>
    </line>
  </reporter-output>
  <suite started-at="2022-05-06T11:54:03 IST" name="Default suite" finished-at="2022-05-06T11:54:03 IST" duration-ms="62">
    <groups>
    </groups>
    <test started-at="2022-05-06T11:54:03 IST" name="Default test" finished-at="2022-05-06T11:54:03 IST" duration-ms="62">
      <class name="testngPackageTest.NewTest">
        <test-method signature="reportTest1()[pri:0, instance:testngPackageTest.NewTest@193f604a]" started-at="2022-05-06T11:54:03 IST" name="reportTest1" finished-at="2022-05-06T11:54:03 IST" duration-ms="10" status="PASS">
          <reporter-output>
            <line>
              <![CDATA[inside 1***********]]>
            </line>
          </reporter-output>
        </test-method> <!-- reportTest1 -->
        <test-method signature="reportTest2()[pri:0, instance:testngPackageTest.NewTest@193f604a]" started-at="2022-05-06T11:54:03 IST" name="reportTest2" finished-at="2022-05-06T11:54:03 IST" duration-ms="2" status="PASS">
          <reporter-output>
            <line>
              <![CDATA[inside 2***********]]>
            </line>
          </reporter-output>
        </test-method> <!-- reportTest2 -->
      </class> <!-- testngPackageTest.NewTest -->
    </test> <!-- Default test -->
  </suite> <!-- Default suite -->
</testng-results>
