<?xml version="1.0" encoding="UTF-8"?>
<testng-results ignored="0" total="1" passed="1" failed="0" skipped="0">
  <reporter-output>
  </reporter-output>
  <suite started-at="2022-05-12T12:46:32 IST" name="Default suite" finished-at="2022-05-12T12:46:46 IST" duration-ms="13942">
    <groups>
    </groups>
    <test started-at="2022-05-12T12:46:32 IST" name="Default test" finished-at="2022-05-12T12:46:46 IST" duration-ms="13942">
      <class name="dropdownBootstrap.MedlabDropDown">
        <test-method signature="BootStrapDropDown()[pri:0, instance:dropdownBootstrap.MedlabDropDown@37654521]" started-at="2022-05-12T12:46:32 IST" name="BootStrapDropDown" finished-at="2022-05-12T12:46:46 IST" duration-ms="13883" status="PASS">
          <reporter-output>
          </reporter-output>
        </test-method> <!-- BootStrapDropDown -->
      </class> <!-- dropdownBootstrap.MedlabDropDown -->
    </test> <!-- Default test -->
  </suite> <!-- Default suite -->
</testng-results>
